                     :-) GROMACS - gmx editconf, 2025.1 (-:

Executable:   /opt/user/gromacs/gcc/11.2.1/gromacs_2025.1_qr6/bin/gmx
Data prefix:  /opt/user/gromacs/gcc/11.2.1/gromacs_2025.1_qr6
Working dir:  /mnt/pure/bowmanlab/gnjohn/fastref_1EXM_control/inputs
Command line:
  gmx editconf -c -f 1EXM-nohydrogen.gro -o 1EXM-nohydrogen_box.gro -bt dodecahedron -d 1.0


GROMACS reminds you: "I'd Like Monday Mornings Better If They Started Later" (Garfield)

Note that major changes are planned in future for editconf, to improve usability and utility.
Read 6265 atoms
Volume: 599.411 nm^3, corresponds to roughly 269700 electrons
No velocities found
    system size :  6.079  6.763  4.642 (nm)
    diameter    :  7.432               (nm)
    center      :  4.806 -0.864  0.713 (nm)
    box vectors : 15.050  9.950  4.020 (nm)
    box angles  :  90.00  95.30  90.00 (degrees)
    box volume  : 599.41               (nm^3)
    shift       :  2.269  7.939  2.622 (nm)
new center      :  7.074  7.074  3.335 (nm)
new box vectors :  9.432  9.432  9.432 (nm)
new box angles  :  60.00  60.00  90.00 (degrees)
new box volume  : 593.37               (nm^3)
